DeleteTicket.c(106): Delete!	[MsgId: MMSG-17999]
DeleteTicket.c(106): Delete!	[MsgId: MMSG-17999]
DeleteTicket.c(106): Delete!	[MsgId: MMSG-17999]
DeleteTicket.c(106): Delete!	[MsgId: MMSG-17999]
DeleteTicket.c(106): Delete!	[MsgId: MMSG-17999]
DeleteTicket.c(106): Delete!	[MsgId: MMSG-17999]
DeleteTicket.c(106): Delete!	[MsgId: MMSG-17999]
DeleteTicket.c(106): Delete!	[MsgId: MMSG-17999]
DeleteTicket.c(106): Delete!	[MsgId: MMSG-17999]
Error: (2, 10)	[MsgId: MERR-13874]
Error: Parameter 'Row': Cannot replace the parameter with a value from table 'DepArrCity.dat' [column=2, row=10].	[MsgId: MERR-13888]
DeleteTicket.c(106): Delete!	[MsgId: MMSG-17999]
DeleteTicket.c(106): Delete!	[MsgId: MMSG-17999]
DeleteTicket.c(106): Delete!	[MsgId: MMSG-17999]
DeleteTicket.c(106): Delete!	[MsgId: MMSG-17999]
DeleteTicket.c(106): Delete!	[MsgId: MMSG-17999]
DeleteTicket.c(106): Delete!	[MsgId: MMSG-17999]
DeleteTicket.c(106): Delete!	[MsgId: MMSG-17999]
DeleteTicket.c(106): Delete!	[MsgId: MMSG-17999]
DeleteTicket.c(106): Delete!	[MsgId: MMSG-17999]
DeleteTicket.c(106): Delete!	[MsgId: MMSG-17999]
Error: (2, 10)	[MsgId: MERR-13874]
Error: Parameter 'Row': Cannot replace the parameter with a value from table 'DepArrCity.dat' [column=2, row=10].	[MsgId: MERR-13888]
DeleteTicket.c(106): Delete!	[MsgId: MMSG-17999]
DeleteTicket.c(106): Delete!	[MsgId: MMSG-17999]
DeleteTicket.c(106): Delete!	[MsgId: MMSG-17999]
DeleteTicket.c(106): Delete!	[MsgId: MMSG-17999]
DeleteTicket.c(106): Delete!	[MsgId: MMSG-17999]
DeleteTicket.c(106): Delete!	[MsgId: MMSG-17999]
DeleteTicket.c(106): Delete!	[MsgId: MMSG-17999]
DeleteTicket.c(106): Delete!	[MsgId: MMSG-17999]
DeleteTicket.c(106): Delete!	[MsgId: MMSG-17999]
DeleteTicket.c(106): Delete!	[MsgId: MMSG-17999]
Error: (2, 10)	[MsgId: MERR-13874]
Error: Parameter 'Row': Cannot replace the parameter with a value from table 'DepArrCity.dat' [column=2, row=10].	[MsgId: MERR-13888]
DeleteTicket.c(106): Delete!	[MsgId: MMSG-17999]
DeleteTicket.c(106): Delete!	[MsgId: MMSG-17999]
DeleteTicket.c(106): Delete!	[MsgId: MMSG-17999]
DeleteTicket.c(106): Delete!	[MsgId: MMSG-17999]
DeleteTicket.c(106): Delete!	[MsgId: MMSG-17999]
DeleteTicket.c(106): Delete!	[MsgId: MMSG-17999]
DeleteTicket.c(106): Delete!	[MsgId: MMSG-17999]
DeleteTicket.c(106): Delete!	[MsgId: MMSG-17999]
DeleteTicket.c(106): Delete!	[MsgId: MMSG-17999]
DeleteTicket.c(106): Delete!	[MsgId: MMSG-17999]
Error: (2, 10)	[MsgId: MERR-13874]
Error: Parameter 'Row': Cannot replace the parameter with a value from table 'DepArrCity.dat' [column=2, row=10].	[MsgId: MERR-13888]
DeleteTicket.c(106): Delete!	[MsgId: MMSG-17999]
DeleteTicket.c(106): Delete!	[MsgId: MMSG-17999]
DeleteTicket.c(106): Delete!	[MsgId: MMSG-17999]
DeleteTicket.c(106): Delete!	[MsgId: MMSG-17999]
DeleteTicket.c(106): Delete!	[MsgId: MMSG-17999]
DeleteTicket.c(106): Delete!	[MsgId: MMSG-17999]
DeleteTicket.c(106): Delete!	[MsgId: MMSG-17999]
DeleteTicket.c(106): Delete!	[MsgId: MMSG-17999]
DeleteTicket.c(106): Delete!	[MsgId: MMSG-17999]
DeleteTicket.c(106): Delete!	[MsgId: MMSG-17999]
Error: (2, 10)	[MsgId: MERR-13874]
Error: Parameter 'Row': Cannot replace the parameter with a value from table 'DepArrCity.dat' [column=2, row=10].	[MsgId: MERR-13888]
DeleteTicket.c(106): Delete!	[MsgId: MMSG-17999]
DeleteTicket.c(106): Delete!	[MsgId: MMSG-17999]
DeleteTicket.c(106): Delete!	[MsgId: MMSG-17999]
DeleteTicket.c(106): Delete!	[MsgId: MMSG-17999]
DeleteTicket.c(106): Delete!	[MsgId: MMSG-17999]
DeleteTicket.c(106): Delete!	[MsgId: MMSG-17999]
DeleteTicket.c(106): Delete!	[MsgId: MMSG-17999]
DeleteTicket.c(106): Delete!	[MsgId: MMSG-17999]
DeleteTicket.c(106): Delete!	[MsgId: MMSG-17999]
DeleteTicket.c(106): Delete!	[MsgId: MMSG-17999]
Error: (2, 10)	[MsgId: MERR-13874]
Error: Parameter 'Row': Cannot replace the parameter with a value from table 'DepArrCity.dat' [column=2, row=10].	[MsgId: MERR-13888]
DeleteTicket.c(106): Delete!	[MsgId: MMSG-17999]
DeleteTicket.c(106): Delete!	[MsgId: MMSG-17999]
DeleteTicket.c(106): Delete!	[MsgId: MMSG-17999]
DeleteTicket.c(106): Delete!	[MsgId: MMSG-17999]
DeleteTicket.c(106): Delete!	[MsgId: MMSG-17999]
DeleteTicket.c(106): Delete!	[MsgId: MMSG-17999]
DeleteTicket.c(106): Delete!	[MsgId: MMSG-17999]
DeleteTicket.c(106): Delete!	[MsgId: MMSG-17999]
DeleteTicket.c(106): Delete!	[MsgId: MMSG-17999]
DeleteTicket.c(106): Delete!	[MsgId: MMSG-17999]
Error: (2, 10)	[MsgId: MERR-13874]
Error: Parameter 'Row': Cannot replace the parameter with a value from table 'DepArrCity.dat' [column=2, row=10].	[MsgId: MERR-13888]
DeleteTicket.c(106): Delete!	[MsgId: MMSG-17999]
DeleteTicket.c(106): Delete!	[MsgId: MMSG-17999]
DeleteTicket.c(106): Delete!	[MsgId: MMSG-17999]
DeleteTicket.c(106): Delete!	[MsgId: MMSG-17999]
DeleteTicket.c(106): Delete!	[MsgId: MMSG-17999]
DeleteTicket.c(106): Delete!	[MsgId: MMSG-17999]
DeleteTicket.c(106): Delete!	[MsgId: MMSG-17999]
DeleteTicket.c(106): Delete!	[MsgId: MMSG-17999]
DeleteTicket.c(106): Delete!	[MsgId: MMSG-17999]
DeleteTicket.c(106): Delete!	[MsgId: MMSG-17999]
Error: (2, 10)	[MsgId: MERR-13874]
Error: Parameter 'Row': Cannot replace the parameter with a value from table 'DepArrCity.dat' [column=2, row=10].	[MsgId: MERR-13888]
DeleteTicket.c(106): Delete!	[MsgId: MMSG-17999]
DeleteTicket.c(106): Delete!	[MsgId: MMSG-17999]
DeleteTicket.c(106): Delete!	[MsgId: MMSG-17999]
DeleteTicket.c(106): Delete!	[MsgId: MMSG-17999]
DeleteTicket.c(106): Delete!	[MsgId: MMSG-17999]
DeleteTicket.c(106): Delete!	[MsgId: MMSG-17999]
DeleteTicket.c(106): Delete!	[MsgId: MMSG-17999]
DeleteTicket.c(106): Delete!	[MsgId: MMSG-17999]
DeleteTicket.c(106): Delete!	[MsgId: MMSG-17999]
DeleteTicket.c(106): Delete!	[MsgId: MMSG-17999]
Error: (2, 10)	[MsgId: MERR-13874]
Error: Parameter 'Row': Cannot replace the parameter with a value from table 'DepArrCity.dat' [column=2, row=10].	[MsgId: MERR-13888]
DeleteTicket.c(106): Delete!	[MsgId: MMSG-17999]
DeleteTicket.c(106): Delete!	[MsgId: MMSG-17999]
DeleteTicket.c(106): Delete!	[MsgId: MMSG-17999]
DeleteTicket.c(106): Delete!	[MsgId: MMSG-17999]
DeleteTicket.c(106): Delete!	[MsgId: MMSG-17999]
DeleteTicket.c(106): Delete!	[MsgId: MMSG-17999]
DeleteTicket.c(106): Delete!	[MsgId: MMSG-17999]
DeleteTicket.c(106): Delete!	[MsgId: MMSG-17999]
DeleteTicket.c(106): Delete!	[MsgId: MMSG-17999]
DeleteTicket.c(106): Delete!	[MsgId: MMSG-17999]
Error: (2, 10)	[MsgId: MERR-13874]
Error: Parameter 'Row': Cannot replace the parameter with a value from table 'DepArrCity.dat' [column=2, row=10].	[MsgId: MERR-13888]
DeleteTicket.c(106): Delete!	[MsgId: MMSG-17999]
DeleteTicket.c(106): Delete!	[MsgId: MMSG-17999]
DeleteTicket.c(106): Delete!	[MsgId: MMSG-17999]
DeleteTicket.c(106): Delete!	[MsgId: MMSG-17999]
DeleteTicket.c(106): Delete!	[MsgId: MMSG-17999]
DeleteTicket.c(106): Delete!	[MsgId: MMSG-17999]
DeleteTicket.c(106): Delete!	[MsgId: MMSG-17999]
DeleteTicket.c(106): Delete!	[MsgId: MMSG-17999]
DeleteTicket.c(106): Delete!	[MsgId: MMSG-17999]
DeleteTicket.c(106): Delete!	[MsgId: MMSG-17999]
Error: (2, 10)	[MsgId: MERR-13874]
Error: Parameter 'Row': Cannot replace the parameter with a value from table 'DepArrCity.dat' [column=2, row=10].	[MsgId: MERR-13888]
DeleteTicket.c(106): Delete!	[MsgId: MMSG-17999]
DeleteTicket.c(106): Delete!	[MsgId: MMSG-17999]
DeleteTicket.c(106): Delete!	[MsgId: MMSG-17999]
DeleteTicket.c(106): Delete!	[MsgId: MMSG-17999]
DeleteTicket.c(106): Delete!	[MsgId: MMSG-17999]
DeleteTicket.c(106): Delete!	[MsgId: MMSG-17999]
DeleteTicket.c(70): Notify: Transaction "http://127.0.0.1:1080/WebTours/images/cancelreservation.gif" will be skipped - could not calculate the transaction time (duration=0,0000, think_time=0,0000, wasted_time=0,0156).	[MsgId: MMSG-16889]
DeleteTicket.c(70): Notify: Transaction "http://127.0.0.1:1080/WebTours/images/cancelallreservations.gif" will be skipped - could not calculate the transaction time (duration=0,0000, think_time=0,0000, wasted_time=0,0156).	[MsgId: MMSG-16889]
DeleteTicket.c(106): Delete!	[MsgId: MMSG-17999]
DeleteTicket.c(106): Delete!	[MsgId: MMSG-17999]
DeleteTicket.c(106): Delete!	[MsgId: MMSG-17999]
DeleteTicket.c(106): Delete!	[MsgId: MMSG-17999]
