DeleteTicket.c(106): Delete!	[MsgId: MMSG-17999]
DeleteTicket.c(106): Delete!	[MsgId: MMSG-17999]
DeleteTicket.c(106): Delete!	[MsgId: MMSG-17999]
DeleteTicket.c(106): Delete!	[MsgId: MMSG-17999]
DeleteTicket.c(106): Delete!	[MsgId: MMSG-17999]
DeleteTicket.c(106): Delete!	[MsgId: MMSG-17999]
DeleteTicket.c(106): Delete!	[MsgId: MMSG-17999]
DeleteTicket.c(106): Delete!	[MsgId: MMSG-17999]
DeleteTicket.c(106): Delete!	[MsgId: MMSG-17999]
Error: (2, 10)	[MsgId: MERR-13874]
Error: Parameter 'Row': Cannot replace the parameter with a value from table 'DepArrCity.dat' [column=2, row=10].	[MsgId: MERR-13888]
DeleteTicket.c(106): Delete!	[MsgId: MMSG-17999]
DeleteTicket.c(106): Delete!	[MsgId: MMSG-17999]
DeleteTicket.c(106): Delete!	[MsgId: MMSG-17999]
DeleteTicket.c(106): Delete!	[MsgId: MMSG-17999]
DeleteTicket.c(106): Delete!	[MsgId: MMSG-17999]
DeleteTicket.c(106): Delete!	[MsgId: MMSG-17999]
DeleteTicket.c(106): Delete!	[MsgId: MMSG-17999]
DeleteTicket.c(106): Delete!	[MsgId: MMSG-17999]
DeleteTicket.c(106): Delete!	[MsgId: MMSG-17999]
DeleteTicket.c(106): Delete!	[MsgId: MMSG-17999]
Error: (2, 10)	[MsgId: MERR-13874]
Error: Parameter 'Row': Cannot replace the parameter with a value from table 'DepArrCity.dat' [column=2, row=10].	[MsgId: MERR-13888]
DeleteTicket.c(106): Delete!	[MsgId: MMSG-17999]
DeleteTicket.c(38): Continuing after Error -26612: HTTP Status-Code=500 (Internal Server Error) for "http://127.0.0.1:1080/cgi-bin/login.pl?intro=true"  	[MsgId: MERR-26612]
DeleteTicket.c(106): Delete!	[MsgId: MMSG-17999]
DeleteTicket.c(106): Delete!	[MsgId: MMSG-17999]
DeleteTicket.c(106): Delete!	[MsgId: MMSG-17999]
DeleteTicket.c(106): Delete!	[MsgId: MMSG-17999]
DeleteTicket.c(106): Delete!	[MsgId: MMSG-17999]
DeleteTicket.c(106): Delete!	[MsgId: MMSG-17999]
DeleteTicket.c(106): Delete!	[MsgId: MMSG-17999]
DeleteTicket.c(106): Delete!	[MsgId: MMSG-17999]
DeleteTicket.c(106): Delete!	[MsgId: MMSG-17999]
Error: (2, 10)	[MsgId: MERR-13874]
Error: Parameter 'Row': Cannot replace the parameter with a value from table 'DepArrCity.dat' [column=2, row=10].	[MsgId: MERR-13888]
DeleteTicket.c(106): Delete!	[MsgId: MMSG-17999]
DeleteTicket.c(102): Error: Can not delete!	[MsgId: MERR-17999]
