DeleteTicket.c(106): Delete!	[MsgId: MMSG-17999]
DeleteTicket.c(102): Can not delete!	[MsgId: MMSG-17999]
DeleteTicket.c(102): Can not delete!	[MsgId: MMSG-17999]
DeleteTicket.c(102): Can not delete!	[MsgId: MMSG-17999]
DeleteTicket.c(102): Can not delete!	[MsgId: MMSG-17999]
DeleteTicket.c(106): Delete!	[MsgId: MMSG-17999]
DeleteTicket.c(102): Can not delete!	[MsgId: MMSG-17999]
DeleteTicket.c(102): Can not delete!	[MsgId: MMSG-17999]
DeleteTicket.c(102): Can not delete!	[MsgId: MMSG-17999]
DeleteTicket.c(102): Can not delete!	[MsgId: MMSG-17999]
DeleteTicket.c(102): Can not delete!	[MsgId: MMSG-17999]
DeleteTicket.c(102): Can not delete!	[MsgId: MMSG-17999]
DeleteTicket.c(102): Can not delete!	[MsgId: MMSG-17999]
DeleteTicket.c(102): Can not delete!	[MsgId: MMSG-17999]
DeleteTicket.c(102): Can not delete!	[MsgId: MMSG-17999]
DeleteTicket.c(106): Delete!	[MsgId: MMSG-17999]
DeleteTicket.c(102): Can not delete!	[MsgId: MMSG-17999]
DeleteTicket.c(102): Can not delete!	[MsgId: MMSG-17999]
DeleteTicket.c(102): Can not delete!	[MsgId: MMSG-17999]
DeleteTicket.c(102): Can not delete!	[MsgId: MMSG-17999]
DeleteTicket.c(102): Can not delete!	[MsgId: MMSG-17999]
DeleteTicket.c(70): Continuing after Error -26612: HTTP Status-Code=500 (Internal Server Error) for "http://127.0.0.1:1080/cgi-bin/itinerary.pl"  	[MsgId: MERR-26612]
DeleteTicket.c(70): Continuing after Error -26377: No match found for the requested parameter "FlightID". Either the specified boundaries were not found in the response or the matched text is longer than current max html parameter size of 256 bytes. The total length of the response is 4029 bytes. You can use "web_set_max_html_param_len" to increase the max parameter size.  	[MsgId: MERR-26377]
DeleteTicket.c(93): Continuing after Error -27979: Requested form not found  	[MsgId: MERR-27979]
DeleteTicket.c(93): Continuing after Error -26366: "Text=Flights List" not found for web_reg_find  	[MsgId: MERR-26366]
DeleteTicket.c(93): Continuing after Error -26374: The above "not found" error(s) may be explained by header and body byte counts being 0 and 0, respectively.  	[MsgId: MERR-26374]
DeleteTicket.c(106): Delete!	[MsgId: MMSG-17999]
DeleteTicket.c(102): Can not delete!	[MsgId: MMSG-17999]
DeleteTicket.c(102): Can not delete!	[MsgId: MMSG-17999]
DeleteTicket.c(102): Can not delete!	[MsgId: MMSG-17999]
DeleteTicket.c(106): Delete!	[MsgId: MMSG-17999]
DeleteTicket.c(102): Can not delete!	[MsgId: MMSG-17999]
DeleteTicket.c(102): Can not delete!	[MsgId: MMSG-17999]
DeleteTicket.c(106): Delete!	[MsgId: MMSG-17999]
DeleteTicket.c(102): Can not delete!	[MsgId: MMSG-17999]
DeleteTicket.c(102): Can not delete!	[MsgId: MMSG-17999]
DeleteTicket.c(102): Can not delete!	[MsgId: MMSG-17999]
DeleteTicket.c(102): Can not delete!	[MsgId: MMSG-17999]
DeleteTicket.c(102): Can not delete!	[MsgId: MMSG-17999]
DeleteTicket.c(102): Can not delete!	[MsgId: MMSG-17999]
DeleteTicket.c(38): Continuing after Error -26612: HTTP Status-Code=500 (Internal Server Error) for "http://127.0.0.1:1080/cgi-bin/login.pl?intro=true"  	[MsgId: MERR-26612]
DeleteTicket.c(106): Delete!	[MsgId: MMSG-17999]
DeleteTicket.c(102): Can not delete!	[MsgId: MMSG-17999]
DeleteTicket.c(102): Can not delete!	[MsgId: MMSG-17999]
DeleteTicket.c(70): Continuing after Error -26612: HTTP Status-Code=500 (Internal Server Error) for "http://127.0.0.1:1080/cgi-bin/itinerary.pl"  	[MsgId: MERR-26612]
DeleteTicket.c(70): Continuing after Error -26377: No match found for the requested parameter "FlightID". Either the specified boundaries were not found in the response or the matched text is longer than current max html parameter size of 256 bytes. The total length of the response is 4029 bytes. You can use "web_set_max_html_param_len" to increase the max parameter size.  	[MsgId: MERR-26377]
DeleteTicket.c(93): Continuing after Error -27979: Requested form not found  	[MsgId: MERR-27979]
DeleteTicket.c(93): Continuing after Error -26366: "Text=Flights List" not found for web_reg_find  	[MsgId: MERR-26366]
DeleteTicket.c(93): Continuing after Error -26374: The above "not found" error(s) may be explained by header and body byte counts being 0 and 0, respectively.  	[MsgId: MERR-26374]
DeleteTicket.c(106): Delete!	[MsgId: MMSG-17999]
DeleteTicket.c(102): Can not delete!	[MsgId: MMSG-17999]
DeleteTicket.c(102): Can not delete!	[MsgId: MMSG-17999]
DeleteTicket.c(102): Can not delete!	[MsgId: MMSG-17999]
DeleteTicket.c(102): Can not delete!	[MsgId: MMSG-17999]
